<?xml version="1.0" encoding="UTF-8"?>
<testsuite xmlns:xsi="http://www.w3.org/2001/XMLSchema-instance" xsi:noNamespaceSchemaLocation="https://maven.apache.org/surefire/maven-surefire-plugin/xsd/surefire-test-report-3.0.xsd" version="3.0" name="com.keycode.inventoryservice.InventoryServiceApplicationTests" time="7.391" tests="1" errors="0" skipped="0" failures="0">
  <properties>
[...]
</properties>
  <testcase name="contextLoads" classname="com.keycode.inventoryservice.InventoryServiceApplicationTests" time="0.616">
    <system-out><![CDATA[22:38:23.093 [main] INFO org.springframework.test.context.support.AnnotationConfigContextLoaderUtils -- Could not detect default configuration classes for test class [com.keycode.inventoryservice.InventoryServiceApplicationTests]: InventoryServiceApplicationTests does not declare any static, non-private, non-final, nested classes annotated with @Configuration.
22:38:23.237 [main] INFO org.springframework.boot.test.context.SpringBootTestContextBootstrapper -- Found @SpringBootConfiguration com.keycode.inventoryservice.InventoryServiceApplication for test class com.keycode.inventoryservice.InventoryServiceApplicationTests

  .   ____          _            __ _ _
 /\\ / ___'_ __ _ _(_)_ __  __ _ \ \ \ \
( ( )\___ | '_ | '_| | '_ \/ _` | \ \ \ \
 \\/  ___)| |_)| | | | | || (_| |  ) ) ) )
  '  |____| .__|_| |_|_| |_\__, | / / / /
 =========|_|==============|___/=/_/_/_/
 :: Spring Boot ::                (v3.1.1)

2023-07-17T22:38:23.981-05:00  INFO 21404 --- [           main] c.k.i.InventoryServiceApplicationTests   : Starting InventoryServiceApplicationTests using Java 17.0.7 with PID 21404 (started by jairo in C:\Java\microservices-ecommerce\inventory-service)
2023-07-17T22:38:23.984-05:00  INFO 21404 --- [           main] c.k.i.InventoryServiceApplicationTests   : No active profile set, falling back to 1 default profile: "default"
2023-07-17T22:38:25.486-05:00  INFO 21404 --- [           main] .s.d.r.c.RepositoryConfigurationDelegate : Bootstrapping Spring Data JPA repositories in DEFAULT mode.
2023-07-17T22:38:25.566-05:00  INFO 21404 --- [           main] .s.d.r.c.RepositoryConfigurationDelegate : Finished Spring Data repository scanning in 70 ms. Found 1 JPA repository interfaces.
2023-07-17T22:38:26.118-05:00  INFO 21404 --- [           main] o.hibernate.jpa.internal.util.LogHelper  : HHH000204: Processing PersistenceUnitInfo [name: default]
2023-07-17T22:38:26.194-05:00  INFO 21404 --- [           main] org.hibernate.Version                    : HHH000412: Hibernate ORM core version 6.2.5.Final
2023-07-17T22:38:26.198-05:00  INFO 21404 --- [           main] org.hibernate.cfg.Environment            : HHH000406: Using bytecode reflection optimizer
2023-07-17T22:38:26.477-05:00  INFO 21404 --- [           main] o.h.b.i.BytecodeProviderInitiator        : HHH000021: Bytecode provider name : bytebuddy
2023-07-17T22:38:26.655-05:00  INFO 21404 --- [           main] o.s.o.j.p.SpringPersistenceUnitInfo      : No LoadTimeWeaver setup: ignoring JPA class transformer
2023-07-17T22:38:26.677-05:00  INFO 21404 --- [           main] com.zaxxer.hikari.HikariDataSource       : HikariPool-1 - Starting...
2023-07-17T22:38:27.164-05:00  INFO 21404 --- [           main] com.zaxxer.hikari.pool.HikariPool        : HikariPool-1 - Added connection com.mysql.cj.jdbc.ConnectionImpl@2774dcf4
2023-07-17T22:38:27.167-05:00  INFO 21404 --- [           main] com.zaxxer.hikari.HikariDataSource       : HikariPool-1 - Start completed.
2023-07-17T22:38:27.601-05:00  INFO 21404 --- [           main] o.h.b.i.BytecodeProviderInitiator        : HHH000021: Bytecode provider name : bytebuddy
2023-07-17T22:38:28.421-05:00  INFO 21404 --- [           main] o.h.e.t.j.p.i.JtaPlatformInitiator       : HHH000490: Using JtaPlatform implementation: [org.hibernate.engine.transaction.jta.platform.internal.NoJtaPlatform]
2023-07-17T22:38:28.501-05:00  INFO 21404 --- [           main] j.LocalContainerEntityManagerFactoryBean : Initialized JPA EntityManagerFactory for persistence unit 'default'
2023-07-17T22:38:29.153-05:00  WARN 21404 --- [           main] JpaBaseConfiguration$JpaWebConfiguration : spring.jpa.open-in-view is enabled by default. Therefore, database queries may be performed during view rendering. Explicitly configure spring.jpa.open-in-view to disable this warning
2023-07-17T22:38:29.574-05:00  INFO 21404 --- [           main] c.k.i.InventoryServiceApplicationTests   : Started InventoryServiceApplicationTests in 6.118 seconds (process running for 7.297)
]]></system-out>
  </testcase>
</testsuite>